<?xml version="1.0" encoding="UTF-8"?>
<testng-results skipped="0" failed="0" ignored="0" total="1" passed="1">
  <reporter-output>
  </reporter-output>
  <suite name="Default suite" duration-ms="9200" started-at="2022-11-02T19:57:53Z" finished-at="2022-11-02T19:58:03Z">
    <groups>
    </groups>
    <test name="Default test" duration-ms="9200" started-at="2022-11-02T19:57:53Z" finished-at="2022-11-02T19:58:03Z">
      <class name="com.obsqura.selenium.TestNGHomeworks.LocatorByClassTest">
        <test-method status="PASS" signature="openBrowser()[pri:0, instance:com.obsqura.selenium.TestNGHomeworks.LocatorByClassTest@3c0ecd4b]" name="openBrowser" is-config="true" duration-ms="9033" started-at="2022-11-03T01:27:54Z" finished-at="2022-11-03T01:28:03Z">
          <reporter-output>
          </reporter-output>
        </test-method> <!-- openBrowser -->
        <test-method status="PASS" signature="locateByClass()[pri:0, instance:com.obsqura.selenium.TestNGHomeworks.LocatorByClassTest@3c0ecd4b]" name="locateByClass" duration-ms="146" started-at="2022-11-03T01:28:03Z" finished-at="2022-11-03T01:28:03Z">
          <reporter-output>
          </reporter-output>
        </test-method> <!-- locateByClass -->
      </class> <!-- com.obsqura.selenium.TestNGHomeworks.LocatorByClassTest -->
    </test> <!-- Default test -->
  </suite> <!-- Default suite -->
</testng-results>
