<?xml version="1.0" encoding="UTF-8"?>
<testng-results skipped="0" failed="0" ignored="0" total="2" passed="2">
  <reporter-output>
  </reporter-output>
  <suite name="Default suite" duration-ms="16549" started-at="2022-11-01T15:57:11Z" finished-at="2022-11-01T15:57:27Z">
    <groups>
    </groups>
    <test name="Default test" duration-ms="16549" started-at="2022-11-01T15:57:11Z" finished-at="2022-11-01T15:57:27Z">
      <class name="com.obsqura.selenium.TestNGHomeworks.HardAssertionSample">
        <test-method status="PASS" signature="openBrowser()[pri:0, instance:com.obsqura.selenium.TestNGHomeworks.HardAssertionSample@14bf9759]" name="openBrowser" is-config="true" duration-ms="9184" started-at="2022-11-01T21:27:11Z" finished-at="2022-11-01T21:27:20Z">
          <reporter-output>
          </reporter-output>
        </test-method> <!-- openBrowser -->
        <test-method status="PASS" signature="checkDriverNullOrNot()[pri:0, instance:com.obsqura.selenium.TestNGHomeworks.HardAssertionSample@14bf9759]" name="checkDriverNullOrNot" duration-ms="16" started-at="2022-11-01T21:27:20Z" finished-at="2022-11-01T21:27:20Z">
          <reporter-output>
          </reporter-output>
        </test-method> <!-- checkDriverNullOrNot -->
        <test-method status="PASS" signature="closeBrowser()[pri:0, instance:com.obsqura.selenium.TestNGHomeworks.HardAssertionSample@14bf9759]" name="closeBrowser" is-config="true" duration-ms="127" started-at="2022-11-01T21:27:20Z" finished-at="2022-11-01T21:27:20Z">
          <reporter-output>
          </reporter-output>
        </test-method> <!-- closeBrowser -->
        <test-method status="PASS" signature="openBrowser()[pri:0, instance:com.obsqura.selenium.TestNGHomeworks.HardAssertionSample@14bf9759]" name="openBrowser" is-config="true" duration-ms="7056" started-at="2022-11-01T21:27:20Z" finished-at="2022-11-01T21:27:27Z">
          <reporter-output>
          </reporter-output>
        </test-method> <!-- openBrowser -->
        <test-method status="PASS" signature="verifyTitle()[pri:0, instance:com.obsqura.selenium.TestNGHomeworks.HardAssertionSample@14bf9759]" name="verifyTitle" duration-ms="8" started-at="2022-11-01T21:27:27Z" description="verify title of the page" finished-at="2022-11-01T21:27:27Z">
          <reporter-output>
          </reporter-output>
        </test-method> <!-- verifyTitle -->
        <test-method status="PASS" signature="closeBrowser()[pri:0, instance:com.obsqura.selenium.TestNGHomeworks.HardAssertionSample@14bf9759]" name="closeBrowser" is-config="true" duration-ms="134" started-at="2022-11-01T21:27:27Z" finished-at="2022-11-01T21:27:27Z">
          <reporter-output>
          </reporter-output>
        </test-method> <!-- closeBrowser -->
      </class> <!-- com.obsqura.selenium.TestNGHomeworks.HardAssertionSample -->
    </test> <!-- Default test -->
  </suite> <!-- Default suite -->
</testng-results>
