<?xml version="1.0" encoding="UTF-8"?>
<!-- Generated by org.testng.reporters.JUnitXMLReporter -->
<testsuite hostname="Kannapi" ignored="0" name="Default test" tests="2" failures="0" timestamp="01 Nov 2022 15:57:27 GMT" time="16.549" errors="0">
  <testcase name="checkDriverNullOrNot" time="0.016" classname="com.obsqura.selenium.TestNGHomeworks.HardAssertionSample"/>
  <testcase name="verifyTitle" time="0.008" classname="com.obsqura.selenium.TestNGHomeworks.HardAssertionSample"/>
</testsuite> <!-- Default test -->
