<?xml version="1.0" encoding="UTF-8"?>
<testng-results skipped="0" failed="0" ignored="0" total="4" passed="4">
  <reporter-output>
  </reporter-output>
  <suite name="Default suite" duration-ms="7005" started-at="2022-11-01T14:24:08Z" finished-at="2022-11-01T14:24:15Z">
    <groups>
    </groups>
    <test name="Default test" duration-ms="7005" started-at="2022-11-01T14:24:08Z" finished-at="2022-11-01T14:24:15Z">
      <class name="homeWork.checkAssertions">
        <test-method status="PASS" signature="InitializeBrowser()[pri:0, instance:homeWork.checkAssertions@e25b2fe]" name="InitializeBrowser" duration-ms="6027" started-at="2022-11-01T19:54:08Z" finished-at="2022-11-01T19:54:14Z">
          <reporter-output>
          </reporter-output>
        </test-method> <!-- InitializeBrowser -->
        <test-method status="PASS" signature="checkPageSource()[pri:0, instance:homeWork.checkAssertions@e25b2fe]" name="checkPageSource" duration-ms="221" started-at="2022-11-01T19:54:14Z" finished-at="2022-11-01T19:54:15Z">
          <reporter-output>
          </reporter-output>
        </test-method> <!-- checkPageSource -->
        <test-method status="PASS" signature="checkURL()[pri:0, instance:homeWork.checkAssertions@e25b2fe]" name="checkURL" duration-ms="3" started-at="2022-11-01T19:54:15Z" finished-at="2022-11-01T19:54:15Z">
          <reporter-output>
          </reporter-output>
        </test-method> <!-- checkURL -->
        <test-method status="PASS" signature="navigateLoginPage()[pri:0, instance:homeWork.checkAssertions@e25b2fe]" name="navigateLoginPage" duration-ms="724" started-at="2022-11-01T19:54:15Z" finished-at="2022-11-01T19:54:15Z">
          <reporter-output>
          </reporter-output>
        </test-method> <!-- navigateLoginPage -->
      </class> <!-- homeWork.checkAssertions -->
    </test> <!-- Default test -->
  </suite> <!-- Default suite -->
</testng-results>
