<?xml version="1.0" encoding="UTF-8"?>
<!-- Generated by org.testng.reporters.JUnitXMLReporter -->
<testsuite hostname="Kannapi" ignored="0" name="Default test" tests="4" failures="0" timestamp="01 Nov 2022 14:24:15 GMT" time="7.005" errors="0">
  <testcase name="InitializeBrowser" time="6.027" classname="homeWork.DriverLoading"/>
  <testcase name="checkPageSource" time="0.221" classname="homeWork.checkAssertions"/>
  <testcase name="checkURL" time="0.003" classname="homeWork.checkAssertions"/>
  <testcase name="navigateLoginPage" time="0.724" classname="homeWork.checkAssertions"/>
</testsuite> <!-- Default test -->
